<?xml version="1.0" encoding="utf-8"?><testsuites name="pytest tests"><testsuite name="pytest" errors="0" failures="0" skipped="0" tests="26" time="7.255" timestamp="2026-08-01T02:53:39.169433+00:00" hostname="agent-env-275c2323-448b-463d-943f-e770d962e0bc"><testcase classname="tests.backend_test.TestAuth" name="test_admin_login_ok" time="0.578" /><testcase classname="tests.backend_test.TestSettingsAndUsers" name="test_settings_update" time="0.626" /><testcase classname="tests.backend_test.TestAuth" name="test_admin_login_bad_pw" time="0.271" /><testcase classname="tests.backend_test.TestSettingsAndUsers" name="test_create_update_adjust_delete_user" time="0.829" /><testcase classname="tests.backend_test.TestAuth" name="test_members_public_list" time="0.231" /><testcase classname="tests.backend_test.TestAuth" name="test_member_login_ok" time="0.326" /><testcase classname="tests.backend_test.TestAuth" name="test_member_login_bad_pin" time="0.314" /><testcase classname="tests.backend_test.TestSettingsAndUsers" name="test_general_settings_persist" time="0.407" /><testcase classname="tests.backend_test.TestAuth" name="test_me_requires_auth" time="0.089" /><testcase classname="tests.backend_test.TestSettingsAndUsers" name="test_pin_validation" time="0.221" /><testcase classname="tests.backend_test.TestAuth" name="test_me_ok" time="0.323" /><testcase classname="tests.backend_test.TestRules" name="test_seed_rules_exist" time="0.051" /><testcase classname="tests.backend_test.TestDashboards" name="test_admin_dashboard" time="0.056" /><testcase classname="tests.backend_test.TestRules" name="test_rule_crud_and_ack_flow" time="1.375" /><testcase classname="tests.backend_test.TestDashboards" name="test_user_dashboard" time="0.326" /><testcase classname="tests.backend_test.TestChoresAssignments" name="test_areas_list" time="0.049" /><testcase classname="tests.backend_test.TestChoresAssignments" name="test_create_chore_assign_start_complete_approve" time="1.319" /><testcase classname="tests.backend_test.TestRules" name="test_rule_ack_requires_auth" time="0.047" /><testcase classname="tests.backend_test.TestRules" name="test_rule_create_requires_admin" time="0.368" /><testcase classname="tests.backend_test.TestTransfers" name="test_transfer_locked_blocked" time="0.600" /><testcase classname="tests.backend_test.TestMessaging" name="test_member_message_admin_and_reply" time="0.600" /><testcase classname="tests.backend_test.TestTransfers" name="test_transfer_flow_accept_and_admin_approve" time="1.220" /><testcase classname="tests.backend_test.TestMessaging" name="test_announcement" time="0.416" /><testcase classname="tests.backend_test.TestOnboarding" name="test_reset_then_complete" time="0.598" /><testcase classname="tests.backend_test.TestRewards" name="test_create_and_redeem" time="0.533" /><testcase classname="tests.backend_test.TestRewards" name="test_redeem_insufficient_points" time="0.420" /></testsuite></testsuites>