<?xml version="1.0" encoding="utf-8"?><testsuites name="pytest tests"><testsuite name="pytest" errors="0" failures="0" skipped="0" tests="37" time="9.325" timestamp="2026-08-01T03:17:21.748640+00:00" hostname="agent-env-275c2323-448b-463d-943f-e770d962e0bc"><testcase classname="tests.backend_test.TestAuth" name="test_admin_login_ok" time="0.615" /><testcase classname="tests.backend_test.TestSettingsAndUsers" name="test_settings_update" time="0.667" /><testcase classname="tests.backend_test.TestAuth" name="test_admin_login_bad_pw" time="0.273" /><testcase classname="tests.backend_test.TestSettingsAndUsers" name="test_create_update_adjust_delete_user" time="1.105" /><testcase classname="tests.backend_test.TestAuth" name="test_members_public_list" time="0.224" /><testcase classname="tests.backend_test.TestAuth" name="test_member_login_ok" time="0.331" /><testcase classname="tests.backend_test.TestAuth" name="test_member_login_bad_pin" time="0.326" /><testcase classname="tests.backend_test.TestAuth" name="test_me_requires_auth" time="0.057" /><testcase classname="tests.backend_test.TestSettingsAndUsers" name="test_general_settings_persist" time="0.333" /><testcase classname="tests.backend_test.TestAuth" name="test_me_ok" time="0.328" /><testcase classname="tests.backend_test.TestSettingsAndUsers" name="test_pin_validation" time="0.049" /><testcase classname="tests.backend_test.TestChallenges" name="test_seed_challenges" time="0.054" /><testcase classname="tests.backend_test.TestRules" name="test_seed_rules_exist" time="0.052" /><testcase classname="tests.backend_test.TestRules" name="test_rule_crud_and_ack_flow" time="1.442" /><testcase classname="tests.backend_test.TestChallenges" name="test_challenge_crud_and_claim" time="0.975" /><testcase classname="tests.backend_test.TestChallenges" name="test_challenge_create_requires_admin" time="0.324" /><testcase classname="tests.backend_test.TestPowerActions" name="test_reset_streak_sets_zero" time="0.146" /><testcase classname="tests.backend_test.TestRules" name="test_rule_ack_requires_auth" time="0.049" /><testcase classname="tests.backend_test.TestPowerActions" name="test_reset_progress" time="0.877" /><testcase classname="tests.backend_test.TestRules" name="test_rule_create_requires_admin" time="0.500" /><testcase classname="tests.backend_test.TestDashboards" name="test_admin_dashboard" time="0.055" /><testcase classname="tests.backend_test.TestDashboards" name="test_user_dashboard" time="0.555" /><testcase classname="tests.backend_test.TestPowerActions" name="test_toggle_active_hides_from_pin_list" time="1.278" /><testcase classname="tests.backend_test.TestTransfers" name="test_transfer_locked_blocked" time="0.384" /><testcase classname="tests.backend_test.TestTransfers" name="test_transfer_flow_accept_and_admin_approve" time="1.321" /><testcase classname="tests.backend_test.TestChoresAssignments" name="test_areas_list" time="0.048" /><testcase classname="tests.backend_test.TestChoresAssignments" name="test_create_chore_assign_start_complete_approve" time="1.342" /><testcase classname="tests.backend_test.TestMessaging" name="test_member_message_admin_and_reply" time="0.475" /><testcase classname="tests.backend_test.TestMessaging" name="test_announcement" time="0.148" /><testcase classname="tests.backend_test.TestReports" name="test_reports_shape_and_data" time="0.061" /><testcase classname="tests.backend_test.TestRewards" name="test_create_and_redeem" time="0.893" /><testcase classname="tests.backend_test.TestReports" name="test_reports_admin_only" time="0.499" /><testcase classname="tests.backend_test.TestSecurity" name="test_security_logs_shape" time="0.063" /><testcase classname="tests.backend_test.TestSecurity" name="test_security_admin_only" time="0.370" /><testcase classname="tests.backend_test.TestRewards" name="test_redeem_insufficient_points" time="0.423" /><testcase classname="tests.backend_test.TestLeaderboardSettings" name="test_leaderboard_toggles_persist" time="0.382" /><testcase classname="tests.backend_test.TestOnboarding" name="test_reset_then_complete" time="0.430" /></testsuite></testsuites>